# JRE version: OpenJDK Runtime Environment (8.0_181-b13) (build 1.8.0_181-8u181-b13-0ubuntu0.16.04.1-b13)
# Java VM: OpenJDK 64-Bit Server VM (25.181-b13 mixed mode linux-amd64 compressed oops)
Heap:
 def new generation   total 26944K, used 2870K [0x00000000c0000000, 0x00000000c1d30000, 0x00000000d5550000)
  eden space 24000K,  11% used [0x00000000c0000000, 0x00000000c02cd9b8, 0x00000000c1770000)
  from space 2944K,   0% used [0x00000000c1770000, 0x00000000c1770000, 0x00000000c1a50000)
  to   space 2944K,   0% used [0x00000000c1a50000, 0x00000000c1a50000, 0x00000000c1d30000)
 tenured generation   total 73148K, used 73147K [0x00000000d5550000, 0x00000000d9cbf000, 0x0000000100000000)
   the space 73148K,  99% used [0x00000000d5550000, 0x00000000d9cbefd8, 0x00000000d9cbf000, 0x00000000d9cbf000)
 Metaspace       used 65652K, capacity 66308K, committed 66520K, reserved 1105920K
  class space    used 9518K, capacity 9679K, committed 9688K, reserved 1048576K
GC Heap History (10 events):
Event: 89.006 GC heap after
Heap after GC invocations=270 (full 6):
 def new generation   total 26944K, used 1266K [0x00000000c0000000, 0x00000000c1d30000, 0x00000000d5550000)
  eden space 24000K,   0% used [0x00000000c0000000, 0x00000000c0000000, 0x00000000c1770000)
  from space 2944K,  43% used [0x00000000c1a50000, 0x00000000c1b8c868, 0x00000000c1d30000)
  to   space 2944K,   0% used [0x00000000c1770000, 0x00000000c1770000, 0x00000000c1a50000)
 tenured generation   total 59708K, used 53037K [0x00000000d5550000, 0x00000000d8f9f000, 0x0000000100000000)
   the space 59708K,  88% used [0x00000000d5550000, 0x00000000d891b6a0, 0x00000000d891b800, 0x00000000d8f9f000)
 Metaspace       used 65620K, capacity 66308K, committed 66520K, reserved 1105920K
  class space    used 9518K, capacity 9679K, committed 9688K, reserved 1048576K
}
Event: 89.032 GC heap before
{Heap before GC invocations=270 (full 6):
 def new generation   total 26944K, used 25266K [0x00000000c0000000, 0x00000000c1d30000, 0x00000000d5550000)
  eden space 24000K, 100% used [0x00000000c0000000, 0x00000000c1770000, 0x00000000c1770000)
  from space 2944K,  43% used [0x00000000c1a50000, 0x00000000c1b8c868, 0x00000000c1d30000)
  to   space 2944K,   0% used [0x00000000c1770000, 0x00000000c1770000, 0x00000000c1a50000)
 tenured generation   total 59708K, used 53037K [0x00000000d5550000, 0x00000000d8f9f000, 0x0000000100000000)
   the space 59708K,  88% used [0x00000000d5550000, 0x00000000d891b6a0, 0x00000000d891b800, 0x00000000d8f9f000)
 Metaspace       used 65620K, capacity 66308K, committed 66520K, reserved 1105920K
  class space    used 9518K, capacity 9679K, committed 9688K, reserved 1048576K
Event: 89.035 GC heap after
Heap after GC invocations=271 (full 6):
 def new generation   total 26944K, used 1266K [0x00000000c0000000, 0x00000000c1d30000, 0x00000000d5550000)
  eden space 24000K,   0% used [0x00000000c0000000, 0x00000000c0000000, 0x00000000c1770000)
  from space 2944K,  43% used [0x00000000c1770000, 0x00000000c18ac858, 0x00000000c1a50000)
  to   space 2944K,   0% used [0x00000000c1a50000, 0x00000000c1a50000, 0x00000000c1d30000)
 tenured generation   total 59708K, used 53037K [0x00000000d5550000, 0x00000000d8f9f000, 0x0000000100000000)
   the space 59708K,  88% used [0x00000000d5550000, 0x00000000d891b6a0, 0x00000000d891b800, 0x00000000d8f9f000)
 Metaspace       used 65620K, capacity 66308K, committed 66520K, reserved 1105920K
  class space    used 9518K, capacity 9679K, committed 9688K, reserved 1048576K
}
Event: 89.060 GC heap before
{Heap before GC invocations=271 (full 6):
 def new generation   total 26944K, used 25266K [0x00000000c0000000, 0x00000000c1d30000, 0x00000000d5550000)
  eden space 24000K, 100% used [0x00000000c0000000, 0x00000000c1770000, 0x00000000c1770000)
  from space 2944K,  43% used [0x00000000c1770000, 0x00000000c18ac858, 0x00000000c1a50000)
  to   space 2944K,   0% used [0x00000000c1a50000, 0x00000000c1a50000, 0x00000000c1d30000)
 tenured generation   total 59708K, used 53037K [0x00000000d5550000, 0x00000000d8f9f000, 0x0000000100000000)
   the space 59708K,  88% used [0x00000000d5550000, 0x00000000d891b6a0, 0x00000000d891b800, 0x00000000d8f9f000)
 Metaspace       used 65620K, capacity 66308K, committed 66520K, reserved 1105920K
  class space    used 9518K, capacity 9679K, committed 9688K, reserved 1048576K
Event: 89.063 GC heap after
Heap after GC invocations=272 (full 6):
 def new generation   total 26944K, used 1266K [0x00000000c0000000, 0x00000000c1d30000, 0x00000000d5550000)
  eden space 24000K,   0% used [0x00000000c0000000, 0x00000000c0000000, 0x00000000c1770000)
  from space 2944K,  43% used [0x00000000c1a50000, 0x00000000c1b8c830, 0x00000000c1d30000)
  to   space 2944K,   0% used [0x00000000c1770000, 0x00000000c1770000, 0x00000000c1a50000)
 tenured generation   total 59708K, used 53037K [0x00000000d5550000, 0x00000000d8f9f000, 0x0000000100000000)
   the space 59708K,  88% used [0x00000000d5550000, 0x00000000d891b6a0, 0x00000000d891b800, 0x00000000d8f9f000)
 Metaspace       used 65620K, capacity 66308K, committed 66520K, reserved 1105920K
  class space    used 9518K, capacity 9679K, committed 9688K, reserved 1048576K
}
Event: 89.110 GC heap before
{Heap before GC invocations=272 (full 6):
 def new generation   total 26944K, used 25266K [0x00000000c0000000, 0x00000000c1d30000, 0x00000000d5550000)
  eden space 24000K, 100% used [0x00000000c0000000, 0x00000000c1770000, 0x00000000c1770000)
  from space 2944K,  43% used [0x00000000c1a50000, 0x00000000c1b8c830, 0x00000000c1d30000)
  to   space 2944K,   0% used [0x00000000c1770000, 0x00000000c1770000, 0x00000000c1a50000)
 tenured generation   total 59708K, used 53037K [0x00000000d5550000, 0x00000000d8f9f000, 0x0000000100000000)
   the space 59708K,  88% used [0x00000000d5550000, 0x00000000d891b6a0, 0x00000000d891b800, 0x00000000d8f9f000)
 Metaspace       used 65620K, capacity 66308K, committed 66520K, reserved 1105920K
  class space    used 9518K, capacity 9679K, committed 9688K, reserved 1048576K
Event: 89.113 GC heap after
Heap after GC invocations=273 (full 6):
 def new generation   total 26944K, used 1266K [0x00000000c0000000, 0x00000000c1d30000, 0x00000000d5550000)
  eden space 24000K,   0% used [0x00000000c0000000, 0x00000000c0000000, 0x00000000c1770000)
  from space 2944K,  43% used [0x00000000c1770000, 0x00000000c18ac848, 0x00000000c1a50000)
  to   space 2944K,   0% used [0x00000000c1a50000, 0x00000000c1a50000, 0x00000000c1d30000)
 tenured generation   total 59708K, used 53037K [0x00000000d5550000, 0x00000000d8f9f000, 0x0000000100000000)
   the space 59708K,  88% used [0x00000000d5550000, 0x00000000d891b6a0, 0x00000000d891b800, 0x00000000d8f9f000)
 Metaspace       used 65620K, capacity 66308K, committed 66520K, reserved 1105920K
  class space    used 9518K, capacity 9679K, committed 9688K, reserved 1048576K
}
Event: 89.169 GC heap before
{Heap before GC invocations=273 (full 6):
 def new generation   total 26944K, used 25266K [0x00000000c0000000, 0x00000000c1d30000, 0x00000000d5550000)
  eden space 24000K, 100% used [0x00000000c0000000, 0x00000000c1770000, 0x00000000c1770000)
  from space 2944K,  43% used [0x00000000c1770000, 0x00000000c18ac848, 0x00000000c1a50000)
  to   space 2944K,   0% used [0x00000000c1a50000, 0x00000000c1a50000, 0x00000000c1d30000)
 tenured generation   total 59708K, used 53037K [0x00000000d5550000, 0x00000000d8f9f000, 0x0000000100000000)
   the space 59708K,  88% used [0x00000000d5550000, 0x00000000d891b6a0, 0x00000000d891b800, 0x00000000d8f9f000)
 Metaspace       used 65630K, capacity 66308K, committed 66520K, reserved 1105920K
  class space    used 9518K, capacity 9679K, committed 9688K, reserved 1048576K
Event: 89.171 GC heap after
Heap after GC invocations=274 (full 6):
 def new generation   total 26944K, used 1284K [0x00000000c0000000, 0x00000000c1d30000, 0x00000000d5550000)
  eden space 24000K,   0% used [0x00000000c0000000, 0x00000000c0000000, 0x00000000c1770000)
  from space 2944K,  43% used [0x00000000c1a50000, 0x00000000c1b911d8, 0x00000000c1d30000)
  to   space 2944K,   0% used [0x00000000c1770000, 0x00000000c1770000, 0x00000000c1a50000)
 tenured generation   total 59708K, used 53037K [0x00000000d5550000, 0x00000000d8f9f000, 0x0000000100000000)
   the space 59708K,  88% used [0x00000000d5550000, 0x00000000d891b6a0, 0x00000000d891b800, 0x00000000d8f9f000)
 Metaspace       used 65630K, capacity 66308K, committed 66520K, reserved 1105920K
  class space    used 9518K, capacity 9679K, committed 9688K, reserved 1048576K
}
Event: 89.242 GC heap before
{Heap before GC invocations=274 (full 6):
 def new generation   total 26944K, used 25284K [0x00000000c0000000, 0x00000000c1d30000, 0x00000000d5550000)
  eden space 24000K, 100% used [0x00000000c0000000, 0x00000000c1770000, 0x00000000c1770000)
  from space 2944K,  43% used [0x00000000c1a50000, 0x00000000c1b911d8, 0x00000000c1d30000)
  to   space 2944K,   0% used [0x00000000c1770000, 0x00000000c1770000, 0x00000000c1a50000)
 tenured generation   total 59708K, used 53037K [0x00000000d5550000, 0x00000000d8f9f000, 0x0000000100000000)
   the space 59708K,  88% used [0x00000000d5550000, 0x00000000d891b6a0, 0x00000000d891b800, 0x00000000d8f9f000)
 Metaspace       used 65652K, capacity 66308K, committed 66520K, reserved 1105920K
  class space    used 9518K, capacity 9679K, committed 9688K, reserved 1048576K

