# JRE version: OpenJDK Runtime Environment (8.0_181-b13) (build 1.8.0_181-8u181-b13-0ubuntu0.16.04.1-b13)
# Java VM: OpenJDK 64-Bit Server VM (25.181-b13 mixed mode linux-amd64 compressed oops)
Heap:
 def new generation   total 27008K, used 26541K [0x00000000c0000000, 0x00000000c1d40000, 0x00000000d5550000)
  eden space 24064K,  98% used [0x00000000c0000000, 0x00000000c170b6a8, 0x00000000c1780000)
  from space 2944K, 100% used [0x00000000c1a60000, 0x00000000c1d40000, 0x00000000c1d40000)
  to   space 2944K,  99% used [0x00000000c1780000, 0x00000000c1a5fff8, 0x00000000c1a60000)
 tenured generation   total 71936K, used 71920K [0x00000000d5550000, 0x00000000d9b90000, 0x0000000100000000)
   the space 71936K,  99% used [0x00000000d5550000, 0x00000000d9b8c180, 0x00000000d9b8c200, 0x00000000d9b90000)
 Metaspace       used 69337K, capacity 70118K, committed 70488K, reserved 1110016K
  class space    used 10056K, capacity 10229K, committed 10328K, reserved 1048576K
GC Heap History (10 events):
Event: 70.367 GC heap after
Heap after GC invocations=285 (full 6):
 def new generation   total 27008K, used 1195K [0x00000000c0000000, 0x00000000c1d40000, 0x00000000d5550000)
  eden space 24064K,   0% used [0x00000000c0000000, 0x00000000c0000000, 0x00000000c1780000)
  from space 2944K,  40% used [0x00000000c1a60000, 0x00000000c1b8ae98, 0x00000000c1d40000)
  to   space 2944K,   0% used [0x00000000c1780000, 0x00000000c1780000, 0x00000000c1a60000)
 tenured generation   total 59840K, used 56503K [0x00000000d5550000, 0x00000000d8fc0000, 0x0000000100000000)
   the space 59840K,  94% used [0x00000000d5550000, 0x00000000d8c7de30, 0x00000000d8c7e000, 0x00000000d8fc0000)
 Metaspace       used 69314K, capacity 70118K, committed 70488K, reserved 1110016K
  class space    used 10051K, capacity 10229K, committed 10328K, reserved 1048576K
}
Event: 70.428 GC heap before
{Heap before GC invocations=285 (full 6):
 def new generation   total 27008K, used 25259K [0x00000000c0000000, 0x00000000c1d40000, 0x00000000d5550000)
  eden space 24064K, 100% used [0x00000000c0000000, 0x00000000c1780000, 0x00000000c1780000)
  from space 2944K,  40% used [0x00000000c1a60000, 0x00000000c1b8ae98, 0x00000000c1d40000)
  to   space 2944K,   0% used [0x00000000c1780000, 0x00000000c1780000, 0x00000000c1a60000)
 tenured generation   total 59840K, used 56503K [0x00000000d5550000, 0x00000000d8fc0000, 0x0000000100000000)
   the space 59840K,  94% used [0x00000000d5550000, 0x00000000d8c7de30, 0x00000000d8c7e000, 0x00000000d8fc0000)
 Metaspace       used 69314K, capacity 70118K, committed 70488K, reserved 1110016K
  class space    used 10051K, capacity 10229K, committed 10328K, reserved 1048576K
Event: 70.434 GC heap after
Heap after GC invocations=286 (full 6):
 def new generation   total 27008K, used 1195K [0x00000000c0000000, 0x00000000c1d40000, 0x00000000d5550000)
  eden space 24064K,   0% used [0x00000000c0000000, 0x00000000c0000000, 0x00000000c1780000)
  from space 2944K,  40% used [0x00000000c1780000, 0x00000000c18aae78, 0x00000000c1a60000)
  to   space 2944K,   0% used [0x00000000c1a60000, 0x00000000c1a60000, 0x00000000c1d40000)
 tenured generation   total 59840K, used 56503K [0x00000000d5550000, 0x00000000d8fc0000, 0x0000000100000000)
   the space 59840K,  94% used [0x00000000d5550000, 0x00000000d8c7de30, 0x00000000d8c7e000, 0x00000000d8fc0000)
 Metaspace       used 69314K, capacity 70118K, committed 70488K, reserved 1110016K
  class space    used 10051K, capacity 10229K, committed 10328K, reserved 1048576K
}
Event: 70.490 GC heap before
{Heap before GC invocations=286 (full 6):
 def new generation   total 27008K, used 25259K [0x00000000c0000000, 0x00000000c1d40000, 0x00000000d5550000)
  eden space 24064K, 100% used [0x00000000c0000000, 0x00000000c1780000, 0x00000000c1780000)
  from space 2944K,  40% used [0x00000000c1780000, 0x00000000c18aae78, 0x00000000c1a60000)
  to   space 2944K,   0% used [0x00000000c1a60000, 0x00000000c1a60000, 0x00000000c1d40000)
 tenured generation   total 59840K, used 56503K [0x00000000d5550000, 0x00000000d8fc0000, 0x0000000100000000)
   the space 59840K,  94% used [0x00000000d5550000, 0x00000000d8c7de30, 0x00000000d8c7e000, 0x00000000d8fc0000)
 Metaspace       used 69314K, capacity 70118K, committed 70488K, reserved 1110016K
  class space    used 10051K, capacity 10229K, committed 10328K, reserved 1048576K
Event: 70.493 GC heap after
Heap after GC invocations=287 (full 6):
 def new generation   total 27008K, used 1195K [0x00000000c0000000, 0x00000000c1d40000, 0x00000000d5550000)
  eden space 24064K,   0% used [0x00000000c0000000, 0x00000000c0000000, 0x00000000c1780000)
  from space 2944K,  40% used [0x00000000c1a60000, 0x00000000c1b8ae58, 0x00000000c1d40000)
  to   space 2944K,   0% used [0x00000000c1780000, 0x00000000c1780000, 0x00000000c1a60000)
 tenured generation   total 59840K, used 56503K [0x00000000d5550000, 0x00000000d8fc0000, 0x0000000100000000)
   the space 59840K,  94% used [0x00000000d5550000, 0x00000000d8c7de30, 0x00000000d8c7e000, 0x00000000d8fc0000)
 Metaspace       used 69314K, capacity 70118K, committed 70488K, reserved 1110016K
  class space    used 10051K, capacity 10229K, committed 10328K, reserved 1048576K
}
Event: 70.945 GC heap before
{Heap before GC invocations=287 (full 6):
 def new generation   total 27008K, used 25259K [0x00000000c0000000, 0x00000000c1d40000, 0x00000000d5550000)
  eden space 24064K, 100% used [0x00000000c0000000, 0x00000000c1780000, 0x00000000c1780000)
  from space 2944K,  40% used [0x00000000c1a60000, 0x00000000c1b8ae58, 0x00000000c1d40000)
  to   space 2944K,   0% used [0x00000000c1780000, 0x00000000c1780000, 0x00000000c1a60000)
 tenured generation   total 59840K, used 56503K [0x00000000d5550000, 0x00000000d8fc0000, 0x0000000100000000)
   the space 59840K,  94% used [0x00000000d5550000, 0x00000000d8c7de30, 0x00000000d8c7e000, 0x00000000d8fc0000)
 Metaspace       used 69314K, capacity 70118K, committed 70488K, reserved 1110016K
  class space    used 10051K, capacity 10229K, committed 10328K, reserved 1048576K
Event: 70.980 GC heap after
Heap after GC invocations=288 (full 6):
 def new generation   total 27008K, used 1195K [0x00000000c0000000, 0x00000000c1d40000, 0x00000000d5550000)
  eden space 24064K,   0% used [0x00000000c0000000, 0x00000000c0000000, 0x00000000c1780000)
  from space 2944K,  40% used [0x00000000c1780000, 0x00000000c18aae70, 0x00000000c1a60000)
  to   space 2944K,   0% used [0x00000000c1a60000, 0x00000000c1a60000, 0x00000000c1d40000)
 tenured generation   total 59840K, used 56503K [0x00000000d5550000, 0x00000000d8fc0000, 0x0000000100000000)
   the space 59840K,  94% used [0x00000000d5550000, 0x00000000d8c7de30, 0x00000000d8c7e000, 0x00000000d8fc0000)
 Metaspace       used 69314K, capacity 70118K, committed 70488K, reserved 1110016K
  class space    used 10051K, capacity 10229K, committed 10328K, reserved 1048576K
}
Event: 120.602 GC heap before
{Heap before GC invocations=288 (full 6):
 def new generation   total 27008K, used 25259K [0x00000000c0000000, 0x00000000c1d40000, 0x00000000d5550000)
  eden space 24064K, 100% used [0x00000000c0000000, 0x00000000c1780000, 0x00000000c1780000)
  from space 2944K,  40% used [0x00000000c1780000, 0x00000000c18aae70, 0x00000000c1a60000)
  to   space 2944K,   0% used [0x00000000c1a60000, 0x00000000c1a60000, 0x00000000c1d40000)
 tenured generation   total 59840K, used 56503K [0x00000000d5550000, 0x00000000d8fc0000, 0x0000000100000000)
   the space 59840K,  94% used [0x00000000d5550000, 0x00000000d8c7de30, 0x00000000d8c7e000, 0x00000000d8fc0000)
 Metaspace       used 69333K, capacity 70118K, committed 70488K, reserved 1110016K
  class space    used 10056K, capacity 10229K, committed 10328K, reserved 1048576K
Event: 121.785 GC heap after
Heap after GC invocations=289 (full 6):
 def new generation   total 27008K, used 2944K [0x00000000c0000000, 0x00000000c1d40000, 0x00000000d5550000)
  eden space 24064K,   0% used [0x00000000c0000000, 0x00000000c0000000, 0x00000000c1780000)
  from space 2944K, 100% used [0x00000000c1a60000, 0x00000000c1d40000, 0x00000000c1d40000)
  to   space 2944K,   0% used [0x00000000c1780000, 0x00000000c1780000, 0x00000000c1a60000)
 tenured generation   total 59840K, used 57480K [0x00000000d5550000, 0x00000000d8fc0000, 0x0000000100000000)
   the space 59840K,  96% used [0x00000000d5550000, 0x00000000d8d722f0, 0x00000000d8d72400, 0x00000000d8fc0000)
 Metaspace       used 69333K, capacity 70118K, committed 70488K, reserved 1110016K
  class space    used 10056K, capacity 10229K, committed 10328K, reserved 1048576K
}
Event: 249.200 GC heap before
{Heap before GC invocations=289 (full 6):
 def new generation   total 27008K, used 26541K [0x00000000c0000000, 0x00000000c1d40000, 0x00000000d5550000)
  eden space 24064K,  98% used [0x00000000c0000000, 0x00000000c170b6a8, 0x00000000c1780000)
  from space 2944K, 100% used [0x00000000c1a60000, 0x00000000c1d40000, 0x00000000c1d40000)
  to   space 2944K,   0% used [0x00000000c1780000, 0x00000000c1780000, 0x00000000c1a60000)
 tenured generation   total 59840K, used 57480K [0x00000000d5550000, 0x00000000d8fc0000, 0x0000000100000000)
   the space 59840K,  96% used [0x00000000d5550000, 0x00000000d8d722f0, 0x00000000d8d72400, 0x00000000d8fc0000)
 Metaspace       used 69337K, capacity 70118K, committed 70488K, reserved 1110016K
  class space    used 10056K, capacity 10229K, committed 10328K, reserved 1048576K

